<?xml version="1.0" encoding="UTF-8"?>
<!-- Generated by org.testng.reporters.JUnitReportReporter -->
<testsuite hostname="DESKTOP-NBAG2P3" failures="0" tests="1" name="rest_testing.trello" time="2.513" errors="0" timestamp="2022-11-15T14:58:06 IST" skipped="0">
  <testcase classname="rest_testing.trello" name="tc1" time="2.513"/>
  <system-out/>
</testsuite> <!-- rest_testing.trello -->
